::1 - GET [06/Aug/2021:09:17:36 +0000] / HTTP/1.1 304 - - 9.350 ms
::1 - GET [06/Aug/2021:09:17:36 +0000] /runtime.91a438d694a4dbff0bf8.js HTTP/1.1 304 - - 10.345 ms
::1 - GET [06/Aug/2021:09:17:36 +0000] /polyfills.9f5624a7513c39398d5d.js HTTP/1.1 304 - - 3.075 ms
::1 - GET [06/Aug/2021:09:17:36 +0000] /scripts.b306dd7ae3694cfd8910.js HTTP/1.1 304 - - 3.604 ms
::1 - GET [06/Aug/2021:09:17:36 +0000] /main.982e89f9cd3da9a806f5.js HTTP/1.1 304 - - 2.667 ms
::1 - GET [06/Aug/2021:09:17:36 +0000] /styles.0b538f068d862d8e6a2c.css HTTP/1.1 304 - - 3.049 ms
::1 - GET [06/Aug/2021:09:17:36 +0000] /favicon.ico HTTP/1.1 200 948 - 2.790 ms
::1 - POST [06/Aug/2021:09:18:01 +0000] /.netlify/functions/api/auth/signin HTTP/1.1 200 336 - 219.133 ms
::1 - GET [06/Aug/2021:09:18:01 +0000] /login HTTP/1.1 200 8272 - 5.855 ms
::1 - GET [06/Aug/2021:09:18:01 +0000] /runtime.91a438d694a4dbff0bf8.js HTTP/1.1 304 - - 2.465 ms
::1 - GET [06/Aug/2021:09:18:01 +0000] /polyfills.9f5624a7513c39398d5d.js HTTP/1.1 304 - - 5.077 ms
::1 - GET [06/Aug/2021:09:18:01 +0000] /scripts.b306dd7ae3694cfd8910.js HTTP/1.1 304 - - 7.106 ms
::1 - GET [06/Aug/2021:09:18:01 +0000] /main.982e89f9cd3da9a806f5.js HTTP/1.1 304 - - 3.611 ms
::1 - GET [06/Aug/2021:09:18:01 +0000] /styles.0b538f068d862d8e6a2c.css HTTP/1.1 304 - - 3.533 ms
::1 - GET [06/Aug/2021:09:18:02 +0000] /favicon.ico HTTP/1.1 200 948 - 2.006 ms
::1 - GET [06/Aug/2021:09:18:45 +0000] /ui-bg_inset-hard_100_fcfdfd_1x100.4081b08ac7f8d36e0cdc.png HTTP/1.1 200 88 - 6.089 ms
::1 - GET [06/Aug/2021:09:18:45 +0000] /ui-bg_gloss-wave_55_5c9ccc_500x100.12cd437fd9b6f7a64eea.png HTTP/1.1 200 3457 - 6.433 ms
::1 - GET [06/Aug/2021:09:18:45 +0000] /ui-icons_6da8d5_256x240.6fb75c7eee1dc1b71f89.png HTTP/1.1 200 5355 - 4.602 ms
::1 - GET [06/Aug/2021:09:18:45 +0000] /loader.81f014865c5800e76454.gif HTTP/1.1 200 4176 - 2.878 ms
::1 - GET [06/Aug/2021:09:18:45 +0000] /ui-bg_inset-hard_100_f5f8f9_1x100.ad0b33adca472bdf2863.png HTTP/1.1 200 104 - 5.354 ms
::1 - GET [06/Aug/2021:09:18:45 +0000] /ui-bg_glass_85_dfeffc_1x400.1999ef8611a0a5021414.png HTTP/1.1 200 155 - 1.976 ms
::1 - GET [06/Aug/2021:09:18:45 +0000] /icon-sort-asc.775cd130a788bf173946.png HTTP/1.1 200 127 - 5.613 ms
::1 - GET [06/Aug/2021:09:18:45 +0000] /icon-sort-desc.036f049b4bef98347dfd.png HTTP/1.1 200 137 - 6.305 ms
::1 - GET [06/Aug/2021:09:18:45 +0000] /icon-sort-remove.21cf51e369b0bcb2fa83.png HTTP/1.1 200 123 - 6.857 ms
::1 - POST [06/Aug/2021:09:18:45 +0000] /.netlify/functions/api/exp/list HTTP/1.1 200 303 - 80.241 ms
::1 - GET [06/Aug/2021:09:20:13 +0000] /ui-bg_glass_75_d0e5f5_1x400.0c413d1ce130a5a4f46f.png HTTP/1.1 200 124 - 2.721 ms
::1 - GET [06/Aug/2021:09:36:09 +0000] /exp HTTP/1.1 200 8272 - 8.901 ms
::1 - GET [06/Aug/2021:09:36:09 +0000] /runtime.91a438d694a4dbff0bf8.js HTTP/1.1 304 - - 12.096 ms
::1 - GET [06/Aug/2021:09:36:09 +0000] /polyfills.9f5624a7513c39398d5d.js HTTP/1.1 304 - - 6.252 ms
::1 - GET [06/Aug/2021:09:36:09 +0000] /scripts.b306dd7ae3694cfd8910.js HTTP/1.1 304 - - 6.501 ms
::1 - GET [06/Aug/2021:09:36:09 +0000] /main.982e89f9cd3da9a806f5.js HTTP/1.1 304 - - 7.805 ms
::1 - GET [06/Aug/2021:09:36:09 +0000] /styles.0b538f068d862d8e6a2c.css HTTP/1.1 304 - - 8.214 ms
::1 - GET [06/Aug/2021:09:36:09 +0000] /ui-bg_inset-hard_100_fcfdfd_1x100.4081b08ac7f8d36e0cdc.png HTTP/1.1 304 - - 3.311 ms
::1 - GET [06/Aug/2021:09:36:09 +0000] /loader.81f014865c5800e76454.gif HTTP/1.1 304 - - 2.951 ms
::1 - GET [06/Aug/2021:09:36:09 +0000] /ui-bg_gloss-wave_55_5c9ccc_500x100.12cd437fd9b6f7a64eea.png HTTP/1.1 304 - - 3.943 ms
::1 - GET [06/Aug/2021:09:36:09 +0000] /ui-icons_6da8d5_256x240.6fb75c7eee1dc1b71f89.png HTTP/1.1 304 - - 2.572 ms
::1 - POST [06/Aug/2021:09:36:09 +0000] /.netlify/functions/api/exp/list HTTP/1.1 200 303 - 92.517 ms
::1 - GET [06/Aug/2021:09:36:09 +0000] /ui-bg_glass_85_dfeffc_1x400.1999ef8611a0a5021414.png HTTP/1.1 304 - - 0.977 ms
::1 - GET [06/Aug/2021:09:36:10 +0000] /icon-sort-asc.775cd130a788bf173946.png HTTP/1.1 304 - - 1.009 ms
::1 - GET [06/Aug/2021:09:36:10 +0000] /icon-sort-desc.036f049b4bef98347dfd.png HTTP/1.1 304 - - 1.106 ms
::1 - GET [06/Aug/2021:09:36:10 +0000] /icon-sort-remove.21cf51e369b0bcb2fa83.png HTTP/1.1 304 - - 0.976 ms
::1 - GET [06/Aug/2021:09:36:10 +0000] /ui-bg_inset-hard_100_f5f8f9_1x100.ad0b33adca472bdf2863.png HTTP/1.1 304 - - 0.893 ms
::1 - GET [06/Aug/2021:09:36:10 +0000] /favicon.ico HTTP/1.1 200 948 - 2.831 ms
::1 - GET [06/Aug/2021:09:39:11 +0000] /exp HTTP/1.1 304 - - 11.459 ms
::1 - GET [06/Aug/2021:09:39:11 +0000] /runtime.91a438d694a4dbff0bf8.js HTTP/1.1 304 - - 8.016 ms
::1 - GET [06/Aug/2021:09:39:11 +0000] /polyfills.9f5624a7513c39398d5d.js HTTP/1.1 304 - - 2.301 ms
::1 - GET [06/Aug/2021:09:39:11 +0000] /scripts.b306dd7ae3694cfd8910.js HTTP/1.1 304 - - 4.936 ms
::1 - GET [06/Aug/2021:09:39:11 +0000] /main.982e89f9cd3da9a806f5.js HTTP/1.1 304 - - 4.330 ms
::1 - GET [06/Aug/2021:09:39:11 +0000] /styles.0b538f068d862d8e6a2c.css HTTP/1.1 304 - - 4.018 ms
::1 - POST [06/Aug/2021:09:39:12 +0000] /.netlify/functions/api/exp/list HTTP/1.1 200 303 - 83.511 ms
::1 - GET [06/Aug/2021:09:39:12 +0000] /favicon.ico HTTP/1.1 200 948 - 11.659 ms
::1 - GET [06/Aug/2021:09:40:45 +0000] /ui-bg_glass_75_d0e5f5_1x400.0c413d1ce130a5a4f46f.png HTTP/1.1 304 - - 1.547 ms
::1 - GET [06/Aug/2021:09:43:28 +0000] /exp HTTP/1.1 304 - - 16.691 ms
::1 - GET [06/Aug/2021:09:43:28 +0000] /runtime.91a438d694a4dbff0bf8.js HTTP/1.1 304 - - 9.798 ms
::1 - GET [06/Aug/2021:09:43:28 +0000] /polyfills.9f5624a7513c39398d5d.js HTTP/1.1 304 - - 2.265 ms
::1 - GET [06/Aug/2021:09:43:28 +0000] /main.982e89f9cd3da9a806f5.js HTTP/1.1 304 - - 5.326 ms
::1 - GET [06/Aug/2021:09:43:28 +0000] /scripts.b306dd7ae3694cfd8910.js HTTP/1.1 304 - - 5.129 ms
::1 - GET [06/Aug/2021:09:43:28 +0000] /styles.0b538f068d862d8e6a2c.css HTTP/1.1 304 - - 4.591 ms
::1 - GET [06/Aug/2021:09:43:29 +0000] /ui-bg_inset-hard_100_fcfdfd_1x100.4081b08ac7f8d36e0cdc.png HTTP/1.1 304 - - 1.550 ms
::1 - GET [06/Aug/2021:09:43:29 +0000] /loader.81f014865c5800e76454.gif HTTP/1.1 304 - - 3.331 ms
::1 - GET [06/Aug/2021:09:43:29 +0000] /ui-bg_gloss-wave_55_5c9ccc_500x100.12cd437fd9b6f7a64eea.png HTTP/1.1 304 - - 5.032 ms
::1 - GET [06/Aug/2021:09:43:29 +0000] /ui-icons_6da8d5_256x240.6fb75c7eee1dc1b71f89.png HTTP/1.1 304 - - 2.905 ms
::1 - POST [06/Aug/2021:09:43:29 +0000] /.netlify/functions/api/exp/list HTTP/1.1 200 303 - 80.905 ms
::1 - GET [06/Aug/2021:09:43:29 +0000] /ui-bg_glass_85_dfeffc_1x400.1999ef8611a0a5021414.png HTTP/1.1 304 - - 2.764 ms
::1 - GET [06/Aug/2021:09:43:29 +0000] /icon-sort-asc.775cd130a788bf173946.png HTTP/1.1 304 - - 3.172 ms
::1 - GET [06/Aug/2021:09:43:29 +0000] /icon-sort-desc.036f049b4bef98347dfd.png HTTP/1.1 304 - - 2.849 ms
::1 - GET [06/Aug/2021:09:43:29 +0000] /icon-sort-remove.21cf51e369b0bcb2fa83.png HTTP/1.1 304 - - 3.020 ms
::1 - GET [06/Aug/2021:09:43:29 +0000] /ui-bg_inset-hard_100_f5f8f9_1x100.ad0b33adca472bdf2863.png HTTP/1.1 304 - - 0.965 ms
::1 - GET [06/Aug/2021:09:43:29 +0000] /favicon.ico HTTP/1.1 200 948 - 5.115 ms
::1 - GET [06/Aug/2021:09:43:40 +0000] /ui-bg_glass_75_d0e5f5_1x400.0c413d1ce130a5a4f46f.png HTTP/1.1 304 - - 5.021 ms
::1 - GET [06/Aug/2021:10:13:44 +0000] /exp HTTP/1.1 304 - - 11.045 ms
::1 - GET [06/Aug/2021:10:13:44 +0000] /runtime.91a438d694a4dbff0bf8.js HTTP/1.1 304 - - 12.117 ms
::1 - GET [06/Aug/2021:10:13:44 +0000] /polyfills.9f5624a7513c39398d5d.js HTTP/1.1 304 - - 6.211 ms
::1 - GET [06/Aug/2021:10:13:44 +0000] /scripts.b306dd7ae3694cfd8910.js HTTP/1.1 304 - - 6.536 ms
::1 - GET [06/Aug/2021:10:13:44 +0000] /main.982e89f9cd3da9a806f5.js HTTP/1.1 304 - - 6.477 ms
::1 - GET [06/Aug/2021:10:13:44 +0000] /styles.0b538f068d862d8e6a2c.css HTTP/1.1 304 - - 6.992 ms
::1 - GET [06/Aug/2021:10:13:45 +0000] /ui-bg_inset-hard_100_fcfdfd_1x100.4081b08ac7f8d36e0cdc.png HTTP/1.1 304 - - 3.943 ms
::1 - GET [06/Aug/2021:10:13:45 +0000] /loader.81f014865c5800e76454.gif HTTP/1.1 304 - - 3.846 ms
::1 - GET [06/Aug/2021:10:13:45 +0000] /ui-bg_gloss-wave_55_5c9ccc_500x100.12cd437fd9b6f7a64eea.png HTTP/1.1 304 - - 4.216 ms
::1 - GET [06/Aug/2021:10:13:45 +0000] /ui-icons_6da8d5_256x240.6fb75c7eee1dc1b71f89.png HTTP/1.1 304 - - 4.922 ms
::1 - POST [06/Aug/2021:10:13:45 +0000] /.netlify/functions/api/exp/list HTTP/1.1 200 303 - 81.421 ms
::1 - GET [06/Aug/2021:10:13:45 +0000] /ui-bg_glass_85_dfeffc_1x400.1999ef8611a0a5021414.png HTTP/1.1 304 - - 0.730 ms
::1 - GET [06/Aug/2021:10:13:45 +0000] /icon-sort-asc.775cd130a788bf173946.png HTTP/1.1 304 - - 3.841 ms
::1 - GET [06/Aug/2021:10:13:45 +0000] /icon-sort-desc.036f049b4bef98347dfd.png HTTP/1.1 304 - - 3.708 ms
::1 - GET [06/Aug/2021:10:13:45 +0000] /icon-sort-remove.21cf51e369b0bcb2fa83.png HTTP/1.1 304 - - 3.671 ms
::1 - GET [06/Aug/2021:10:13:45 +0000] /ui-bg_inset-hard_100_f5f8f9_1x100.ad0b33adca472bdf2863.png HTTP/1.1 304 - - 0.675 ms
::1 - GET [06/Aug/2021:10:13:45 +0000] /favicon.ico HTTP/1.1 200 948 - 6.450 ms
::1 - GET [06/Aug/2021:10:22:55 +0000] /exp HTTP/1.1 304 - - 10.520 ms
::1 - GET [06/Aug/2021:10:22:55 +0000] /runtime.91a438d694a4dbff0bf8.js HTTP/1.1 304 - - 11.361 ms
::1 - GET [06/Aug/2021:10:22:55 +0000] /polyfills.9f5624a7513c39398d5d.js HTTP/1.1 304 - - 5.279 ms
::1 - GET [06/Aug/2021:10:22:55 +0000] /scripts.b306dd7ae3694cfd8910.js HTTP/1.1 304 - - 3.748 ms
::1 - GET [06/Aug/2021:10:22:55 +0000] /main.982e89f9cd3da9a806f5.js HTTP/1.1 304 - - 4.237 ms
::1 - GET [06/Aug/2021:10:22:55 +0000] /styles.0b538f068d862d8e6a2c.css HTTP/1.1 304 - - 5.251 ms
::1 - GET [06/Aug/2021:10:22:55 +0000] /favicon.ico HTTP/1.1 304 - - 0.709 ms
::1 - POST [06/Aug/2021:10:23:05 +0000] /.netlify/functions/api/auth/signin HTTP/1.1 200 336 - 212.176 ms
::1 - GET [06/Aug/2021:10:23:05 +0000] /login HTTP/1.1 304 - - 1.427 ms
::1 - GET [06/Aug/2021:10:23:05 +0000] /runtime.91a438d694a4dbff0bf8.js HTTP/1.1 304 - - 5.552 ms
::1 - GET [06/Aug/2021:10:23:05 +0000] /polyfills.9f5624a7513c39398d5d.js HTTP/1.1 304 - - 4.347 ms
::1 - GET [06/Aug/2021:10:23:05 +0000] /scripts.b306dd7ae3694cfd8910.js HTTP/1.1 304 - - 3.082 ms
::1 - GET [06/Aug/2021:10:23:05 +0000] /main.982e89f9cd3da9a806f5.js HTTP/1.1 304 - - 4.908 ms
::1 - GET [06/Aug/2021:10:23:05 +0000] /styles.0b538f068d862d8e6a2c.css HTTP/1.1 304 - - 2.669 ms
::1 - GET [06/Aug/2021:10:23:05 +0000] /favicon.ico HTTP/1.1 200 948 - 2.733 ms
::1 - GET [07/Aug/2021:09:31:31 +0000] / HTTP/1.1 200 8272 - 17.704 ms
::1 - GET [07/Aug/2021:09:31:31 +0000] /runtime.91a438d694a4dbff0bf8.js HTTP/1.1 200 3050 - 6.400 ms
::1 - GET [07/Aug/2021:09:31:31 +0000] /polyfills.9f5624a7513c39398d5d.js HTTP/1.1 200 36832 - 25.602 ms
::1 - GET [07/Aug/2021:09:31:31 +0000] /scripts.b306dd7ae3694cfd8910.js HTTP/1.1 200 88874 - 40.129 ms
::1 - GET [07/Aug/2021:09:31:31 +0000] /styles.0b538f068d862d8e6a2c.css HTTP/1.1 200 240975 - 26.894 ms
::1 - GET [07/Aug/2021:09:31:32 +0000] /main.d5410209d3de47e6daec.js HTTP/1.1 200 2895476 - 688.962 ms
::1 - POST [07/Aug/2021:09:31:42 +0000] /.netlify/functions/api/auth/signin HTTP/1.1 200 336 - 199.284 ms
::1 - GET [07/Aug/2021:09:31:42 +0000] /login HTTP/1.1 200 8272 - 4.562 ms
::1 - GET [07/Aug/2021:09:31:42 +0000] /runtime.91a438d694a4dbff0bf8.js HTTP/1.1 304 - - 3.673 ms
::1 - GET [07/Aug/2021:09:31:42 +0000] /polyfills.9f5624a7513c39398d5d.js HTTP/1.1 304 - - 2.887 ms
::1 - GET [07/Aug/2021:09:31:42 +0000] /scripts.b306dd7ae3694cfd8910.js HTTP/1.1 304 - - 2.737 ms
::1 - GET [07/Aug/2021:09:31:42 +0000] /main.d5410209d3de47e6daec.js HTTP/1.1 304 - - 4.647 ms
::1 - GET [07/Aug/2021:09:31:42 +0000] /styles.0b538f068d862d8e6a2c.css HTTP/1.1 304 - - 4.178 ms
::1 - GET [07/Aug/2021:09:31:42 +0000] /favicon.ico HTTP/1.1 200 948 - 1.774 ms
::1 - GET [07/Aug/2021:09:31:47 +0000] /styles.0b538f068d862d8e6a2c.css HTTP/1.1 304 - - 3.082 ms
::1 - GET [07/Aug/2021:09:33:48 +0000] / HTTP/1.1 304 - - 8.678 ms
::1 - GET [07/Aug/2021:09:33:48 +0000] /runtime.91a438d694a4dbff0bf8.js HTTP/1.1 304 - - 17.265 ms
::1 - GET [07/Aug/2021:09:33:48 +0000] /polyfills.9f5624a7513c39398d5d.js HTTP/1.1 304 - - 8.167 ms
::1 - GET [07/Aug/2021:09:33:48 +0000] /scripts.b306dd7ae3694cfd8910.js HTTP/1.1 304 - - 6.833 ms
::1 - GET [07/Aug/2021:09:33:48 +0000] /main.d5410209d3de47e6daec.js HTTP/1.1 304 - - 6.436 ms
::1 - GET [07/Aug/2021:09:33:48 +0000] /styles.0b538f068d862d8e6a2c.css HTTP/1.1 304 - - 6.077 ms
::1 - GET [07/Aug/2021:09:33:48 +0000] /favicon.ico HTTP/1.1 200 948 - 2.189 ms
::1 - GET [07/Aug/2021:09:34:44 +0000] / HTTP/1.1 304 - - 8.316 ms
::1 - GET [07/Aug/2021:09:34:44 +0000] /runtime.91a438d694a4dbff0bf8.js HTTP/1.1 304 - - 14.097 ms
::1 - GET [07/Aug/2021:09:34:44 +0000] /polyfills.9f5624a7513c39398d5d.js HTTP/1.1 304 - - 6.975 ms
::1 - GET [07/Aug/2021:09:34:44 +0000] /scripts.b306dd7ae3694cfd8910.js HTTP/1.1 304 - - 5.705 ms
::1 - GET [07/Aug/2021:09:34:44 +0000] /main.d5410209d3de47e6daec.js HTTP/1.1 304 - - 5.640 ms
::1 - GET [07/Aug/2021:09:34:44 +0000] /styles.0b538f068d862d8e6a2c.css HTTP/1.1 304 - - 5.545 ms
::1 - GET [07/Aug/2021:09:34:44 +0000] /favicon.ico HTTP/1.1 200 948 - 2.241 ms
::1 - POST [07/Aug/2021:09:34:55 +0000] /.netlify/functions/api/auth/signin HTTP/1.1 404 174 - 1.238 ms
::1 - GET [07/Aug/2021:10:01:46 +0000] / HTTP/1.1 200 8272 - 11.340 ms
::1 - GET [07/Aug/2021:10:01:46 +0000] /scripts.b306dd7ae3694cfd8910.js HTTP/1.1 200 88874 - 10.303 ms
::1 - GET [07/Aug/2021:10:01:46 +0000] /polyfills.9f5624a7513c39398d5d.js HTTP/1.1 200 36832 - 9.613 ms
::1 - GET [07/Aug/2021:10:01:46 +0000] /runtime.91a438d694a4dbff0bf8.js HTTP/1.1 200 3050 - 9.563 ms
::1 - GET [07/Aug/2021:10:01:46 +0000] /styles.0b538f068d862d8e6a2c.css HTTP/1.1 200 240975 - 9.040 ms
::1 - GET [07/Aug/2021:10:01:47 +0000] /main.b634032e09d817797135.js HTTP/1.1 200 2895992 - 589.956 ms
::1 - POST [07/Aug/2021:10:01:59 +0000] /.netlify/functions/api/auth/signin HTTP/1.1 404 174 - 1.069 ms
::1 - GET [07/Aug/2021:11:12:39 +0000] / HTTP/1.1 200 8272 - 15.542 ms
::1 - GET [07/Aug/2021:11:12:40 +0000] /runtime.91a438d694a4dbff0bf8.js HTTP/1.1 200 3050 - 120.222 ms
::1 - GET [07/Aug/2021:11:12:40 +0000] /styles.0b538f068d862d8e6a2c.css HTTP/1.1 200 240975 - 116.801 ms
::1 - GET [07/Aug/2021:11:12:40 +0000] /polyfills.9f5624a7513c39398d5d.js HTTP/1.1 200 36832 - 129.120 ms
::1 - GET [07/Aug/2021:11:12:40 +0000] /scripts.b306dd7ae3694cfd8910.js HTTP/1.1 200 88874 - 150.721 ms
::1 - GET [07/Aug/2021:11:12:40 +0000] /main.46d7c6d327f4cc84dde5.js HTTP/1.1 200 2896052 - 572.613 ms
::1 - POST [07/Aug/2021:11:12:50 +0000] /.netlify/functions/api/auth/signin HTTP/1.1 404 174 - 1.086 ms
::1 - GET [07/Aug/2021:13:37:56 +0000] / HTTP/1.1 304 - - 18.318 ms
::1 - GET [07/Aug/2021:13:37:56 +0000] /polyfills.9f5624a7513c39398d5d.js HTTP/1.1 304 - - 11.160 ms
::1 - GET [07/Aug/2021:13:37:56 +0000] /runtime.91a438d694a4dbff0bf8.js HTTP/1.1 304 - - 5.494 ms
::1 - GET [07/Aug/2021:13:37:56 +0000] /scripts.b306dd7ae3694cfd8910.js HTTP/1.1 304 - - 5.523 ms
::1 - GET [07/Aug/2021:13:37:56 +0000] /main.46d7c6d327f4cc84dde5.js HTTP/1.1 304 - - 5.653 ms
::1 - GET [07/Aug/2021:13:37:56 +0000] /styles.0b538f068d862d8e6a2c.css HTTP/1.1 304 - - 5.430 ms
::1 - POST [07/Aug/2021:13:38:06 +0000] /.netlify/functions/api/auth/signin HTTP/1.1 200 336 - 302.734 ms
::1 - GET [07/Aug/2021:13:38:06 +0000] /login HTTP/1.1 200 8272 - 6.137 ms
::1 - GET [07/Aug/2021:13:38:06 +0000] /runtime.91a438d694a4dbff0bf8.js HTTP/1.1 304 - - 1.724 ms
::1 - GET [07/Aug/2021:13:38:06 +0000] /polyfills.9f5624a7513c39398d5d.js HTTP/1.1 304 - - 7.723 ms
::1 - GET [07/Aug/2021:13:38:06 +0000] /scripts.b306dd7ae3694cfd8910.js HTTP/1.1 304 - - 5.751 ms
::1 - GET [07/Aug/2021:13:38:06 +0000] /main.46d7c6d327f4cc84dde5.js HTTP/1.1 304 - - 5.838 ms
::1 - GET [07/Aug/2021:13:38:06 +0000] /styles.0b538f068d862d8e6a2c.css HTTP/1.1 304 - - 6.641 ms
::1 - GET [07/Aug/2021:13:38:07 +0000] /favicon.ico HTTP/1.1 200 948 - 2.780 ms
::1 - GET [07/Aug/2021:13:38:11 +0000] /336.46d2c63348b401f86bb4.js HTTP/1.1 200 179632 - 1.606 ms
::1 - GET [07/Aug/2021:13:38:11 +0000] /.netlify/functions/api/admin/get_all_user HTTP/1.1 200 288 - 229.558 ms
::1 - GET [07/Aug/2021:13:38:23 +0000] /.netlify/functions/api/admin/list_all_exp HTTP/1.1 200 417073 - 1083.315 ms
